# JRE version: Java(TM) SE Runtime Environment (15.0.2+7) (build 15.0.2+7-27)
# Java VM: Java HotSpot(TM) 64-Bit Server VM (15.0.2+7-27, mixed mode, sharing, tiered, compressed oops, g1 gc, windows-amd64)
GC Precious Log:
 CPUs: 12 total, 12 available
 Memory: 16223M
 Large Page Support: Disabled
 NUMA Support: Disabled
 Compressed Oops: Enabled (Zero based)
 Heap Region Size: 2M
 Heap Min Capacity: 8M
 Heap Initial Capacity: 254M
 Heap Max Capacity: 4056M
 Pre-touch: Disabled
 Parallel Workers: 10
 Concurrent Workers: 3
 Concurrent Refinement Workers: 10
 Periodic GC: Disabled
Heap:
 garbage-first heap   total 960512K, used 937499K [0x0000000702800000, 0x0000000800000000)
  region size 2048K, 4 young (8192K), 1 survivors (2048K)
 Metaspace       used 25743K, capacity 26026K, committed 26288K, reserved 1071104K
  class space    used 3611K, capacity 3715K, committed 3840K, reserved 1048576K
GC Heap History (20 events):
Event: 10.955 GC heap before
{Heap before GC invocations=48 (full 0):
 garbage-first heap   total 212992K, used 122367K [0x0000000702800000, 0x0000000800000000)
  region size 2048K, 3 young (6144K), 1 survivors (2048K)
 Metaspace       used 25599K, capacity 25898K, committed 26032K, reserved 1071104K
  class space    used 3610K, capacity 3715K, committed 3840K, reserved 1048576K
}
Event: 10.956 GC heap after
{Heap after GC invocations=49 (full 0):
 garbage-first heap   total 212992K, used 48651K [0x0000000702800000, 0x0000000800000000)
  region size 2048K, 1 young (2048K), 1 survivors (2048K)
 Metaspace       used 25599K, capacity 25898K, committed 26032K, reserved 1071104K
  class space    used 3610K, capacity 3715K, committed 3840K, reserved 1048576K
}
Event: 12.751 GC heap before
{Heap before GC invocations=50 (full 0):
 garbage-first heap   total 212992K, used 89611K [0x0000000702800000, 0x0000000800000000)
  region size 2048K, 3 young (6144K), 1 survivors (2048K)
 Metaspace       used 25623K, capacity 25898K, committed 26032K, reserved 1071104K
  class space    used 3610K, capacity 3715K, committed 3840K, reserved 1048576K
}
Event: 12.752 GC heap after
{Heap after GC invocations=51 (full 0):
 garbage-first heap   total 212992K, used 30219K [0x0000000702800000, 0x0000000800000000)
  region size 2048K, 1 young (2048K), 1 survivors (2048K)
 Metaspace       used 25623K, capacity 25898K, committed 26032K, reserved 1071104K
  class space    used 3610K, capacity 3715K, committed 3840K, reserved 1048576K
}
Event: 13.280 GC heap before
{Heap before GC invocations=52 (full 0):
 garbage-first heap   total 212992K, used 103947K [0x0000000702800000, 0x0000000800000000)
  region size 2048K, 3 young (6144K), 1 survivors (2048K)
 Metaspace       used 25625K, capacity 25898K, committed 26032K, reserved 1071104K
  class space    used 3610K, capacity 3715K, committed 3840K, reserved 1048576K
}
Event: 13.282 GC heap after
{Heap after GC invocations=53 (full 0):
 garbage-first heap   total 212992K, used 95753K [0x0000000702800000, 0x0000000800000000)
  region size 2048K, 1 young (2048K), 1 survivors (2048K)
 Metaspace       used 25625K, capacity 25898K, committed 26032K, reserved 1071104K
  class space    used 3610K, capacity 3715K, committed 3840K, reserved 1048576K
}
Event: 13.657 GC heap before
{Heap before GC invocations=54 (full 0):
 garbage-first heap   total 212992K, used 103945K [0x0000000702800000, 0x0000000800000000)
  region size 2048K, 3 young (6144K), 1 survivors (2048K)
 Metaspace       used 25625K, capacity 25898K, committed 26032K, reserved 1071104K
  class space    used 3610K, capacity 3715K, committed 3840K, reserved 1048576K
}
Event: 13.659 GC heap after
{Heap after GC invocations=55 (full 0):
 garbage-first heap   total 212992K, used 30223K [0x0000000702800000, 0x0000000800000000)
  region size 2048K, 1 young (2048K), 1 survivors (2048K)
 Metaspace       used 25625K, capacity 25898K, committed 26032K, reserved 1071104K
  class space    used 3610K, capacity 3715K, committed 3840K, reserved 1048576K
}
Event: 14.291 GC heap before
{Heap before GC invocations=56 (full 0):
 garbage-first heap   total 163840K, used 67087K [0x0000000702800000, 0x0000000800000000)
  region size 2048K, 3 young (6144K), 1 survivors (2048K)
 Metaspace       used 25632K, capacity 25898K, committed 26032K, reserved 1071104K
  class space    used 3610K, capacity 3715K, committed 3840K, reserved 1048576K
}
Event: 14.292 GC heap after
{Heap after GC invocations=57 (full 0):
 garbage-first heap   total 163840K, used 30217K [0x0000000702800000, 0x0000000800000000)
  region size 2048K, 1 young (2048K), 1 survivors (2048K)
 Metaspace       used 25632K, capacity 25898K, committed 26032K, reserved 1071104K
  class space    used 3610K, capacity 3715K, committed 3840K, reserved 1048576K
}
Event: 14.489 GC heap before
{Heap before GC invocations=58 (full 0):
 garbage-first heap   total 188416K, used 101897K [0x0000000702800000, 0x0000000800000000)
  region size 2048K, 2 young (4096K), 1 survivors (2048K)
 Metaspace       used 25632K, capacity 25898K, committed 26032K, reserved 1071104K
  class space    used 3610K, capacity 3715K, committed 3840K, reserved 1048576K
}
Event: 14.490 GC heap after
{Heap after GC invocations=59 (full 0):
 garbage-first heap   total 188416K, used 101896K [0x0000000702800000, 0x0000000800000000)
  region size 2048K, 1 young (2048K), 1 survivors (2048K)
 Metaspace       used 25632K, capacity 25898K, committed 26032K, reserved 1071104K
  class space    used 3610K, capacity 3715K, committed 3840K, reserved 1048576K
}
Event: 14.542 GC heap before
{Heap before GC invocations=60 (full 0):
 garbage-first heap   total 198656K, used 108040K [0x0000000702800000, 0x0000000800000000)
  region size 2048K, 2 young (4096K), 1 survivors (2048K)
 Metaspace       used 25633K, capacity 25898K, committed 26032K, reserved 1071104K
  class space    used 3610K, capacity 3715K, committed 3840K, reserved 1048576K
}
Event: 14.544 GC heap after
{Heap after GC invocations=61 (full 0):
 garbage-first heap   total 198656K, used 30229K [0x0000000702800000, 0x0000000800000000)
  region size 2048K, 1 young (2048K), 1 survivors (2048K)
 Metaspace       used 25633K, capacity 25898K, committed 26032K, reserved 1071104K
  class space    used 3610K, capacity 3715K, committed 3840K, reserved 1048576K
}
Event: 14.652 GC heap before
{Heap before GC invocations=62 (full 0):
 garbage-first heap   total 172032K, used 48661K [0x0000000702800000, 0x0000000800000000)
  region size 2048K, 3 young (6144K), 1 survivors (2048K)
 Metaspace       used 25637K, capacity 25898K, committed 26032K, reserved 1071104K
  class space    used 3610K, capacity 3715K, committed 3840K, reserved 1048576K
}
Event: 14.653 GC heap after
{Heap after GC invocations=63 (full 0):
 garbage-first heap   total 172032K, used 40473K [0x0000000702800000, 0x0000000800000000)
  region size 2048K, 1 young (2048K), 1 survivors (2048K)
 Metaspace       used 25637K, capacity 25898K, committed 26032K, reserved 1071104K
  class space    used 3610K, capacity 3715K, committed 3840K, reserved 1048576K
}
Event: 14.863 GC heap before
{Heap before GC invocations=64 (full 0):
 garbage-first heap   total 208896K, used 114201K [0x0000000702800000, 0x0000000800000000)
  region size 2048K, 3 young (6144K), 1 survivors (2048K)
 Metaspace       used 25638K, capacity 25898K, committed 26032K, reserved 1071104K
  class space    used 3610K, capacity 3715K, committed 3840K, reserved 1048576K
}
Event: 14.865 GC heap after
{Heap after GC invocations=65 (full 0):
 garbage-first heap   total 208896K, used 95761K [0x0000000702800000, 0x0000000800000000)
  region size 2048K, 1 young (2048K), 1 survivors (2048K)
 Metaspace       used 25638K, capacity 25898K, committed 26032K, reserved 1071104K
  class space    used 3610K, capacity 3715K, committed 3840K, reserved 1048576K
}
Event: 14.925 GC heap before
{Heap before GC invocations=66 (full 0):
 garbage-first heap   total 208896K, used 101905K [0x0000000702800000, 0x0000000800000000)
  region size 2048K, 2 young (4096K), 1 survivors (2048K)
 Metaspace       used 25641K, capacity 25898K, committed 26032K, reserved 1071104K
  class space    used 3610K, capacity 3715K, committed 3840K, reserved 1048576K
}
Event: 14.926 GC heap after
{Heap after GC invocations=67 (full 0):
 garbage-first heap   total 208896K, used 30235K [0x0000000702800000, 0x0000000800000000)
  region size 2048K, 1 young (2048K), 1 survivors (2048K)
 Metaspace       used 25641K, capacity 25898K, committed 26032K, reserved 1071104K
  class space    used 3610K, capacity 3715K, committed 3840K, reserved 1048576K
}

