# JRE version: Java(TM) SE Runtime Environment (15.0.2+7) (build 15.0.2+7-27)
# Java VM: Java HotSpot(TM) 64-Bit Server VM (15.0.2+7-27, mixed mode, sharing, tiered, compressed oops, g1 gc, windows-amd64)
GC Precious Log:
 CPUs: 12 total, 12 available
 Memory: 16223M
 Large Page Support: Disabled
 NUMA Support: Disabled
 Compressed Oops: Enabled (Zero based)
 Heap Region Size: 2M
 Heap Min Capacity: 8M
 Heap Initial Capacity: 254M
 Heap Max Capacity: 4056M
 Pre-touch: Disabled
 Parallel Workers: 10
 Concurrent Workers: 3
 Concurrent Refinement Workers: 10
 Periodic GC: Disabled
Heap:
 garbage-first heap   total 827392K, used 797395K [0x0000000702800000, 0x0000000800000000)
  region size 2048K, 3 young (6144K), 1 survivors (2048K)
 Metaspace       used 27320K, capacity 27618K, committed 27776K, reserved 1073152K
  class space    used 3824K, capacity 3925K, committed 3968K, reserved 1048576K
GC Heap History (20 events):
Event: 38.553 GC heap before
{Heap before GC invocations=109 (full 0):
 garbage-first heap   total 301056K, used 170698K [0x0000000702800000, 0x0000000800000000)
  region size 2048K, 2 young (4096K), 1 survivors (2048K)
 Metaspace       used 27287K, capacity 27618K, committed 27776K, reserved 1073152K
  class space    used 3824K, capacity 3925K, committed 3968K, reserved 1048576K
}
Event: 38.554 GC heap after
{Heap after GC invocations=110 (full 0):
 garbage-first heap   total 301056K, used 92872K [0x0000000702800000, 0x0000000800000000)
  region size 2048K, 1 young (2048K), 1 survivors (2048K)
 Metaspace       used 27287K, capacity 27618K, committed 27776K, reserved 1073152K
  class space    used 3824K, capacity 3925K, committed 3968K, reserved 1048576K
}
Event: 38.722 GC heap before
{Heap before GC invocations=111 (full 0):
 garbage-first heap   total 301056K, used 121544K [0x0000000702800000, 0x0000000800000000)
  region size 2048K, 3 young (6144K), 1 survivors (2048K)
 Metaspace       used 27287K, capacity 27618K, committed 27776K, reserved 1073152K
  class space    used 3824K, capacity 3925K, committed 3968K, reserved 1048576K
}
Event: 38.723 GC heap after
{Heap after GC invocations=112 (full 0):
 garbage-first heap   total 301056K, used 47818K [0x0000000702800000, 0x0000000800000000)
  region size 2048K, 1 young (2048K), 1 survivors (2048K)
 Metaspace       used 27287K, capacity 27618K, committed 27776K, reserved 1073152K
  class space    used 3824K, capacity 3925K, committed 3968K, reserved 1048576K
}
Event: 39.038 GC heap before
{Heap before GC invocations=113 (full 0):
 garbage-first heap   total 301056K, used 121546K [0x0000000702800000, 0x0000000800000000)
  region size 2048K, 3 young (6144K), 1 survivors (2048K)
 Metaspace       used 27287K, capacity 27618K, committed 27776K, reserved 1073152K
  class space    used 3824K, capacity 3925K, committed 3968K, reserved 1048576K
}
Event: 39.039 GC heap after
{Heap after GC invocations=114 (full 0):
 garbage-first heap   total 301056K, used 92878K [0x0000000702800000, 0x0000000800000000)
  region size 2048K, 1 young (2048K), 1 survivors (2048K)
 Metaspace       used 27287K, capacity 27618K, committed 27776K, reserved 1073152K
  class space    used 3824K, capacity 3925K, committed 3968K, reserved 1048576K
}
Event: 39.154 GC heap before
{Heap before GC invocations=115 (full 0):
 garbage-first heap   total 301056K, used 119502K [0x0000000702800000, 0x0000000800000000)
  region size 2048K, 3 young (6144K), 1 survivors (2048K)
 Metaspace       used 27291K, capacity 27618K, committed 27776K, reserved 1073152K
  class space    used 3824K, capacity 3925K, committed 3968K, reserved 1048576K
}
Event: 39.156 GC heap after
{Heap after GC invocations=116 (full 0):
 garbage-first heap   total 301056K, used 33480K [0x0000000702800000, 0x0000000800000000)
  region size 2048K, 1 young (2048K), 1 survivors (2048K)
 Metaspace       used 27291K, capacity 27618K, committed 27776K, reserved 1073152K
  class space    used 3824K, capacity 3925K, committed 3968K, reserved 1048576K
}
Event: 39.724 GC heap before
{Heap before GC invocations=117 (full 0):
 garbage-first heap   total 245760K, used 99016K [0x0000000702800000, 0x0000000800000000)
  region size 2048K, 3 young (6144K), 1 survivors (2048K)
 Metaspace       used 27293K, capacity 27618K, committed 27776K, reserved 1073152K
  class space    used 3824K, capacity 3925K, committed 3968K, reserved 1048576K
}
Event: 39.726 GC heap after
{Heap after GC invocations=118 (full 0):
 garbage-first heap   total 245760K, used 33484K [0x0000000702800000, 0x0000000800000000)
  region size 2048K, 1 young (2048K), 1 survivors (2048K)
 Metaspace       used 27293K, capacity 27618K, committed 27776K, reserved 1073152K
  class space    used 3824K, capacity 3925K, committed 3968K, reserved 1048576K
}
Event: 40.031 GC heap before
{Heap before GC invocations=119 (full 0):
 garbage-first heap   total 219136K, used 88780K [0x0000000702800000, 0x0000000800000000)
  region size 2048K, 3 young (6144K), 1 survivors (2048K)
 Metaspace       used 27293K, capacity 27618K, committed 27776K, reserved 1073152K
  class space    used 3824K, capacity 3925K, committed 3968K, reserved 1048576K
}
Event: 40.032 GC heap after
{Heap after GC invocations=120 (full 0):
 garbage-first heap   total 219136K, used 53962K [0x0000000702800000, 0x0000000800000000)
  region size 2048K, 1 young (2048K), 1 survivors (2048K)
 Metaspace       used 27293K, capacity 27618K, committed 27776K, reserved 1073152K
  class space    used 3824K, capacity 3925K, committed 3968K, reserved 1048576K
}
Event: 40.153 GC heap before
{Heap before GC invocations=121 (full 0):
 garbage-first heap   total 219136K, used 74442K [0x0000000702800000, 0x0000000800000000)
  region size 2048K, 2 young (4096K), 1 survivors (2048K)
 Metaspace       used 27293K, capacity 27618K, committed 27776K, reserved 1073152K
  class space    used 3824K, capacity 3925K, committed 3968K, reserved 1048576K
}
Event: 40.154 GC heap after
{Heap after GC invocations=122 (full 0):
 garbage-first heap   total 219136K, used 62152K [0x0000000702800000, 0x0000000800000000)
  region size 2048K, 1 young (2048K), 1 survivors (2048K)
 Metaspace       used 27293K, capacity 27618K, committed 27776K, reserved 1073152K
  class space    used 3824K, capacity 3925K, committed 3968K, reserved 1048576K
}
Event: 40.272 GC heap before
{Heap before GC invocations=123 (full 0):
 garbage-first heap   total 219136K, used 82632K [0x0000000702800000, 0x0000000800000000)
  region size 2048K, 2 young (4096K), 1 survivors (2048K)
 Metaspace       used 27294K, capacity 27618K, committed 27776K, reserved 1073152K
  class space    used 3824K, capacity 3925K, committed 3968K, reserved 1048576K
}
Event: 40.273 GC heap after
{Heap after GC invocations=124 (full 0):
 garbage-first heap   total 219136K, used 41674K [0x0000000702800000, 0x0000000800000000)
  region size 2048K, 1 young (2048K), 1 survivors (2048K)
 Metaspace       used 27294K, capacity 27618K, committed 27776K, reserved 1073152K
  class space    used 3824K, capacity 3925K, committed 3968K, reserved 1048576K
}
Event: 40.608 GC heap before
{Heap before GC invocations=125 (full 0):
 garbage-first heap   total 219136K, used 88778K [0x0000000702800000, 0x0000000800000000)
  region size 2048K, 3 young (6144K), 1 survivors (2048K)
 Metaspace       used 27294K, capacity 27618K, committed 27776K, reserved 1073152K
  class space    used 3824K, capacity 3925K, committed 3968K, reserved 1048576K
}
Event: 40.609 GC heap after
{Heap after GC invocations=126 (full 0):
 garbage-first heap   total 219136K, used 66257K [0x0000000702800000, 0x0000000800000000)
  region size 2048K, 1 young (2048K), 1 survivors (2048K)
 Metaspace       used 27294K, capacity 27618K, committed 27776K, reserved 1073152K
  class space    used 3824K, capacity 3925K, committed 3968K, reserved 1048576K
}
Event: 40.645 GC heap before
{Heap before GC invocations=127 (full 0):
 garbage-first heap   total 219136K, used 74449K [0x0000000702800000, 0x0000000800000000)
  region size 2048K, 2 young (4096K), 1 survivors (2048K)
 Metaspace       used 27294K, capacity 27618K, committed 27776K, reserved 1073152K
  class space    used 3824K, capacity 3925K, committed 3968K, reserved 1048576K
}
Event: 40.646 GC heap after
{Heap after GC invocations=128 (full 0):
 garbage-first heap   total 219136K, used 29395K [0x0000000702800000, 0x0000000800000000)
  region size 2048K, 1 young (2048K), 1 survivors (2048K)
 Metaspace       used 27294K, capacity 27618K, committed 27776K, reserved 1073152K
  class space    used 3824K, capacity 3925K, committed 3968K, reserved 1048576K
}

