# JRE version: Java(TM) SE Runtime Environment (15.0.2+7) (build 15.0.2+7-27)
# Java VM: Java HotSpot(TM) 64-Bit Server VM (15.0.2+7-27, mixed mode, sharing, tiered, compressed oops, g1 gc, windows-amd64)
GC Precious Log:
 CPUs: 12 total, 12 available
 Memory: 16223M
 Large Page Support: Disabled
 NUMA Support: Disabled
 Compressed Oops: Enabled (Zero based)
 Heap Region Size: 2M
 Heap Min Capacity: 8M
 Heap Initial Capacity: 254M
 Heap Max Capacity: 4056M
 Pre-touch: Disabled
 Parallel Workers: 10
 Concurrent Workers: 3
 Concurrent Refinement Workers: 10
 Periodic GC: Disabled
Heap:
 garbage-first heap   total 1079296K, used 1025044K [0x0000000702800000, 0x0000000800000000)
  region size 2048K, 3 young (6144K), 1 survivors (2048K)
 Metaspace       used 27600K, capacity 27936K, committed 28032K, reserved 1073152K
  class space    used 3834K, capacity 3937K, committed 3968K, reserved 1048576K
GC Heap History (20 events):
Event: 80.556 GC heap before
{Heap before GC invocations=251 (full 2):
 garbage-first heap   total 192512K, used 103437K [0x0000000702800000, 0x0000000800000000)
  region size 2048K, 3 young (6144K), 1 survivors (2048K)
 Metaspace       used 27539K, capacity 27872K, committed 28032K, reserved 1073152K
  class space    used 3834K, capacity 3937K, committed 3968K, reserved 1048576K
}
Event: 80.557 GC heap after
{Heap after GC invocations=252 (full 2):
 garbage-first heap   total 192512K, used 52247K [0x0000000702800000, 0x0000000800000000)
  region size 2048K, 1 young (2048K), 1 survivors (2048K)
 Metaspace       used 27539K, capacity 27872K, committed 28032K, reserved 1073152K
  class space    used 3834K, capacity 3937K, committed 3968K, reserved 1048576K
}
Event: 80.625 GC heap before
{Heap before GC invocations=253 (full 2):
 garbage-first heap   total 192512K, used 68631K [0x0000000702800000, 0x0000000800000000)
  region size 2048K, 2 young (4096K), 1 survivors (2048K)
 Metaspace       used 27541K, capacity 27872K, committed 28032K, reserved 1073152K
  class space    used 3834K, capacity 3937K, committed 3968K, reserved 1048576K
}
Event: 80.627 GC heap after
{Heap after GC invocations=254 (full 2):
 garbage-first heap   total 192512K, used 27666K [0x0000000702800000, 0x0000000800000000)
  region size 2048K, 1 young (2048K), 1 survivors (2048K)
 Metaspace       used 27541K, capacity 27872K, committed 28032K, reserved 1073152K
  class space    used 3834K, capacity 3937K, committed 3968K, reserved 1048576K
}
Event: 80.871 GC heap before
{Heap before GC invocations=255 (full 2):
 garbage-first heap   total 192512K, used 64530K [0x0000000702800000, 0x0000000800000000)
  region size 2048K, 2 young (4096K), 1 survivors (2048K)
 Metaspace       used 27541K, capacity 27872K, committed 28032K, reserved 1073152K
  class space    used 3834K, capacity 3937K, committed 3968K, reserved 1048576K
}
Event: 80.872 GC heap after
{Heap after GC invocations=256 (full 2):
 garbage-first heap   total 192512K, used 64528K [0x0000000702800000, 0x0000000800000000)
  region size 2048K, 1 young (2048K), 1 survivors (2048K)
 Metaspace       used 27541K, capacity 27872K, committed 28032K, reserved 1073152K
  class space    used 3834K, capacity 3937K, committed 3968K, reserved 1048576K
}
Event: 81.052 GC heap before
{Heap before GC invocations=257 (full 2):
 garbage-first heap   total 192512K, used 103440K [0x0000000702800000, 0x0000000800000000)
  region size 2048K, 3 young (6144K), 1 survivors (2048K)
 Metaspace       used 27545K, capacity 27872K, committed 28032K, reserved 1073152K
  class space    used 3834K, capacity 3937K, committed 3968K, reserved 1048576K
}
Event: 81.053 GC heap after
{Heap after GC invocations=258 (full 2):
 garbage-first heap   total 192512K, used 56336K [0x0000000702800000, 0x0000000800000000)
  region size 2048K, 1 young (2048K), 1 survivors (2048K)
 Metaspace       used 27545K, capacity 27872K, committed 28032K, reserved 1073152K
  class space    used 3834K, capacity 3937K, committed 3968K, reserved 1048576K
}
Event: 81.230 GC heap before
{Heap before GC invocations=259 (full 2):
 garbage-first heap   total 192512K, used 72720K [0x0000000702800000, 0x0000000800000000)
  region size 2048K, 2 young (4096K), 1 survivors (2048K)
 Metaspace       used 27546K, capacity 27872K, committed 28032K, reserved 1073152K
  class space    used 3834K, capacity 3937K, committed 3968K, reserved 1048576K
}
Event: 81.231 GC heap after
{Heap after GC invocations=260 (full 2):
 garbage-first heap   total 192512K, used 27668K [0x0000000702800000, 0x0000000800000000)
  region size 2048K, 1 young (2048K), 1 survivors (2048K)
 Metaspace       used 27546K, capacity 27872K, committed 28032K, reserved 1073152K
  class space    used 3834K, capacity 3937K, committed 3968K, reserved 1048576K
}
Event: 81.362 GC heap before
{Heap before GC invocations=261 (full 2):
 garbage-first heap   total 192512K, used 54292K [0x0000000702800000, 0x0000000800000000)
  region size 2048K, 2 young (4096K), 1 survivors (2048K)
 Metaspace       used 27548K, capacity 27872K, committed 28032K, reserved 1073152K
  class space    used 3834K, capacity 3937K, committed 3968K, reserved 1048576K
}
Event: 81.363 GC heap after
{Heap after GC invocations=262 (full 2):
 garbage-first heap   total 192512K, used 54296K [0x0000000702800000, 0x0000000800000000)
  region size 2048K, 1 young (2048K), 1 survivors (2048K)
 Metaspace       used 27548K, capacity 27872K, committed 28032K, reserved 1073152K
  class space    used 3834K, capacity 3937K, committed 3968K, reserved 1048576K
}
Event: 81.516 GC heap before
{Heap before GC invocations=263 (full 2):
 garbage-first heap   total 192512K, used 82968K [0x0000000702800000, 0x0000000800000000)
  region size 2048K, 3 young (6144K), 1 survivors (2048K)
 Metaspace       used 27548K, capacity 27872K, committed 28032K, reserved 1073152K
  class space    used 3834K, capacity 3937K, committed 3968K, reserved 1048576K
}
Event: 81.517 GC heap after
{Heap after GC invocations=264 (full 2):
 garbage-first heap   total 192512K, used 46100K [0x0000000702800000, 0x0000000800000000)
  region size 2048K, 1 young (2048K), 1 survivors (2048K)
 Metaspace       used 27548K, capacity 27872K, committed 28032K, reserved 1073152K
  class space    used 3834K, capacity 3937K, committed 3968K, reserved 1048576K
}
Event: 81.594 GC heap before
{Heap before GC invocations=265 (full 2):
 garbage-first heap   total 192512K, used 62484K [0x0000000702800000, 0x0000000800000000)
  region size 2048K, 2 young (4096K), 1 survivors (2048K)
 Metaspace       used 27548K, capacity 27872K, committed 28032K, reserved 1073152K
  class space    used 3834K, capacity 3937K, committed 3968K, reserved 1048576K
}
Event: 81.596 GC heap after
{Heap after GC invocations=266 (full 2):
 garbage-first heap   total 192512K, used 62484K [0x0000000702800000, 0x0000000800000000)
  region size 2048K, 1 young (2048K), 1 survivors (2048K)
 Metaspace       used 27548K, capacity 27872K, committed 28032K, reserved 1073152K
  class space    used 3834K, capacity 3937K, committed 3968K, reserved 1048576K
}
Event: 81.890 GC heap before
{Heap before GC invocations=267 (full 2):
 garbage-first heap   total 192512K, used 80916K [0x0000000702800000, 0x0000000800000000)
  region size 2048K, 3 young (6144K), 1 survivors (2048K)
 Metaspace       used 27549K, capacity 27872K, committed 28032K, reserved 1073152K
  class space    used 3834K, capacity 3937K, committed 3968K, reserved 1048576K
}
Event: 81.891 GC heap after
{Heap after GC invocations=268 (full 2):
 garbage-first heap   total 192512K, used 35863K [0x0000000702800000, 0x0000000800000000)
  region size 2048K, 1 young (2048K), 1 survivors (2048K)
 Metaspace       used 27549K, capacity 27872K, committed 28032K, reserved 1073152K
  class space    used 3834K, capacity 3937K, committed 3968K, reserved 1048576K
}
Event: 82.142 GC heap before
{Heap before GC invocations=269 (full 2):
 garbage-first heap   total 192512K, used 78871K [0x0000000702800000, 0x0000000800000000)
  region size 2048K, 3 young (6144K), 1 survivors (2048K)
 Metaspace       used 27551K, capacity 27872K, committed 28032K, reserved 1073152K
  class space    used 3834K, capacity 3937K, committed 3968K, reserved 1048576K
}
Event: 82.144 GC heap after
{Heap after GC invocations=270 (full 2):
 garbage-first heap   total 192512K, used 31764K [0x0000000702800000, 0x0000000800000000)
  region size 2048K, 1 young (2048K), 1 survivors (2048K)
 Metaspace       used 27551K, capacity 27872K, committed 28032K, reserved 1073152K
  class space    used 3834K, capacity 3937K, committed 3968K, reserved 1048576K
}

