# JRE version: Java(TM) SE Runtime Environment (15.0.2+7) (build 15.0.2+7-27)
# Java VM: Java HotSpot(TM) 64-Bit Server VM (15.0.2+7-27, mixed mode, sharing, tiered, compressed oops, g1 gc, windows-amd64)
GC Precious Log:
 CPUs: 12 total, 12 available
 Memory: 16223M
 Large Page Support: Disabled
 NUMA Support: Disabled
 Compressed Oops: Enabled (Zero based)
 Heap Region Size: 2M
 Heap Min Capacity: 8M
 Heap Initial Capacity: 254M
 Heap Max Capacity: 4056M
 Pre-touch: Disabled
 Parallel Workers: 10
 Concurrent Workers: 3
 Concurrent Refinement Workers: 10
 Periodic GC: Disabled
Heap:
 garbage-first heap   total 436224K, used 414066K [0x0000000702800000, 0x0000000800000000)
  region size 2048K, 11 young (22528K), 1 survivors (2048K)
 Metaspace       used 34837K, capacity 35221K, committed 35248K, reserved 1079296K
  class space    used 4445K, capacity 4592K, committed 4608K, reserved 1048576K
GC Heap History (20 events):
Event: 77.746 GC heap before
{Heap before GC invocations=28 (full 0):
 garbage-first heap   total 75776K, used 56853K [0x0000000702800000, 0x0000000800000000)
  region size 2048K, 10 young (20480K), 2 survivors (4096K)
 Metaspace       used 34465K, capacity 34890K, committed 34992K, reserved 1079296K
  class space    used 4436K, capacity 4589K, committed 4608K, reserved 1048576K
}
Event: 77.748 GC heap after
{Heap after GC invocations=29 (full 0):
 garbage-first heap   total 75776K, used 40997K [0x0000000702800000, 0x0000000800000000)
  region size 2048K, 1 young (2048K), 1 survivors (2048K)
 Metaspace       used 34465K, capacity 34890K, committed 34992K, reserved 1079296K
  class space    used 4436K, capacity 4589K, committed 4608K, reserved 1048576K
}
Event: 77.760 GC heap before
{Heap before GC invocations=29 (full 0):
 garbage-first heap   total 75776K, used 59429K [0x0000000702800000, 0x0000000800000000)
  region size 2048K, 10 young (20480K), 1 survivors (2048K)
 Metaspace       used 34469K, capacity 34890K, committed 34992K, reserved 1079296K
  class space    used 4436K, capacity 4589K, committed 4608K, reserved 1048576K
}
Event: 77.762 GC heap after
{Heap after GC invocations=30 (full 0):
 garbage-first heap   total 75776K, used 41544K [0x0000000702800000, 0x0000000800000000)
  region size 2048K, 1 young (2048K), 1 survivors (2048K)
 Metaspace       used 34469K, capacity 34890K, committed 34992K, reserved 1079296K
  class space    used 4436K, capacity 4589K, committed 4608K, reserved 1048576K
}
Event: 77.770 GC heap before
{Heap before GC invocations=30 (full 0):
 garbage-first heap   total 75776K, used 59976K [0x0000000702800000, 0x0000000800000000)
  region size 2048K, 10 young (20480K), 1 survivors (2048K)
 Metaspace       used 34472K, capacity 34890K, committed 34992K, reserved 1079296K
  class space    used 4436K, capacity 4589K, committed 4608K, reserved 1048576K
}
Event: 77.772 GC heap after
{Heap after GC invocations=31 (full 0):
 garbage-first heap   total 75776K, used 42113K [0x0000000702800000, 0x0000000800000000)
  region size 2048K, 1 young (2048K), 1 survivors (2048K)
 Metaspace       used 34472K, capacity 34890K, committed 34992K, reserved 1079296K
  class space    used 4436K, capacity 4589K, committed 4608K, reserved 1048576K
}
Event: 77.791 GC heap before
{Heap before GC invocations=31 (full 0):
 garbage-first heap   total 102400K, used 60545K [0x0000000702800000, 0x0000000800000000)
  region size 2048K, 10 young (20480K), 1 survivors (2048K)
 Metaspace       used 34474K, capacity 34884K, committed 34992K, reserved 1079296K
  class space    used 4436K, capacity 4588K, committed 4608K, reserved 1048576K
}
Event: 77.792 GC heap after
{Heap after GC invocations=32 (full 0):
 garbage-first heap   total 102400K, used 42345K [0x0000000702800000, 0x0000000800000000)
  region size 2048K, 1 young (2048K), 1 survivors (2048K)
 Metaspace       used 34474K, capacity 34884K, committed 34992K, reserved 1079296K
  class space    used 4436K, capacity 4588K, committed 4608K, reserved 1048576K
}
Event: 77.816 GC heap before
{Heap before GC invocations=33 (full 0):
 garbage-first heap   total 102400K, used 81257K [0x0000000702800000, 0x0000000800000000)
  region size 2048K, 20 young (40960K), 1 survivors (2048K)
 Metaspace       used 34497K, capacity 34884K, committed 34992K, reserved 1079296K
  class space    used 4436K, capacity 4588K, committed 4608K, reserved 1048576K
}
Event: 77.818 GC heap after
{Heap after GC invocations=34 (full 0):
 garbage-first heap   total 102400K, used 43007K [0x0000000702800000, 0x0000000800000000)
  region size 2048K, 2 young (4096K), 2 survivors (4096K)
 Metaspace       used 34497K, capacity 34884K, committed 34992K, reserved 1079296K
  class space    used 4436K, capacity 4588K, committed 4608K, reserved 1048576K
}
Event: 77.838 GC heap before
{Heap before GC invocations=34 (full 0):
 garbage-first heap   total 102400K, used 81919K [0x0000000702800000, 0x0000000800000000)
  region size 2048K, 21 young (43008K), 2 survivors (4096K)
 Metaspace       used 34516K, capacity 34884K, committed 34992K, reserved 1079296K
  class space    used 4436K, capacity 4588K, committed 4608K, reserved 1048576K
}
Event: 77.840 GC heap after
{Heap after GC invocations=35 (full 0):
 garbage-first heap   total 102400K, used 43455K [0x0000000702800000, 0x0000000800000000)
  region size 2048K, 2 young (4096K), 2 survivors (4096K)
 Metaspace       used 34516K, capacity 34884K, committed 34992K, reserved 1079296K
  class space    used 4436K, capacity 4588K, committed 4608K, reserved 1048576K
}
Event: 77.862 GC heap before
{Heap before GC invocations=35 (full 0):
 garbage-first heap   total 102400K, used 82367K [0x0000000702800000, 0x0000000800000000)
  region size 2048K, 21 young (43008K), 2 survivors (4096K)
 Metaspace       used 34518K, capacity 34884K, committed 34992K, reserved 1079296K
  class space    used 4436K, capacity 4588K, committed 4608K, reserved 1048576K
}
Event: 77.863 GC heap after
{Heap after GC invocations=36 (full 0):
 garbage-first heap   total 102400K, used 43721K [0x0000000702800000, 0x0000000800000000)
  region size 2048K, 2 young (4096K), 2 survivors (4096K)
 Metaspace       used 34518K, capacity 34884K, committed 34992K, reserved 1079296K
  class space    used 4436K, capacity 4588K, committed 4608K, reserved 1048576K
}
Event: 78.430 GC heap before
{Heap before GC invocations=36 (full 0):
 garbage-first heap   total 102400K, used 84681K [0x0000000702800000, 0x0000000800000000)
  region size 2048K, 22 young (45056K), 2 survivors (4096K)
 Metaspace       used 34606K, capacity 35012K, committed 35248K, reserved 1079296K
  class space    used 4436K, capacity 4588K, committed 4608K, reserved 1048576K
}
Event: 78.432 GC heap after
{Heap after GC invocations=37 (full 0):
 garbage-first heap   total 102400K, used 44406K [0x0000000702800000, 0x0000000800000000)
  region size 2048K, 2 young (4096K), 2 survivors (4096K)
 Metaspace       used 34606K, capacity 35012K, committed 35248K, reserved 1079296K
  class space    used 4436K, capacity 4588K, committed 4608K, reserved 1048576K
}
Event: 100.210 GC heap before
{Heap before GC invocations=37 (full 0):
 garbage-first heap   total 102400K, used 83318K [0x0000000702800000, 0x0000000800000000)
  region size 2048K, 22 young (45056K), 2 survivors (4096K)
 Metaspace       used 34743K, capacity 35144K, committed 35248K, reserved 1079296K
  class space    used 4436K, capacity 4588K, committed 4608K, reserved 1048576K
}
Event: 100.212 GC heap after
{Heap after GC invocations=38 (full 0):
 garbage-first heap   total 102400K, used 51061K [0x0000000702800000, 0x0000000800000000)
  region size 2048K, 3 young (6144K), 3 survivors (6144K)
 Metaspace       used 34743K, capacity 35144K, committed 35248K, reserved 1079296K
  class space    used 4436K, capacity 4588K, committed 4608K, reserved 1048576K
}
Event: 154.023 GC heap before
{Heap before GC invocations=38 (full 0):
 garbage-first heap   total 102400K, used 77685K [0x0000000702800000, 0x0000000800000000)
  region size 2048K, 16 young (32768K), 3 survivors (6144K)
 Metaspace       used 34755K, capacity 35144K, committed 35248K, reserved 1079296K
  class space    used 4436K, capacity 4588K, committed 4608K, reserved 1048576K
}
Event: 154.025 GC heap after
{Heap after GC invocations=39 (full 0):
 garbage-first heap   total 102400K, used 49522K [0x0000000702800000, 0x0000000800000000)
  region size 2048K, 1 young (2048K), 1 survivors (2048K)
 Metaspace       used 34755K, capacity 35144K, committed 35248K, reserved 1079296K
  class space    used 4436K, capacity 4588K, committed 4608K, reserved 1048576K
}

